# JRE version: OpenJDK Runtime Environment Temurin-17.0.8.1+1 (17.0.8.1+1) (build 17.0.8.1+1)
# Java VM: OpenJDK 64-Bit Server VM Temurin-17.0.8.1+1 (17.0.8.1+1, mixed mode, tiered, compressed oops, compressed class ptrs, g1 gc, windows-amd64)
GC Precious Log:
 CPUs: 4 total, 4 available
 Memory: 8077M
 Large Page Support: Disabled
 NUMA Support: Disabled
 Compressed Oops: Enabled (32-bit)
 Heap Region Size: 1M
 Heap Min Capacity: 8M
 Heap Initial Capacity: 128M
 Heap Max Capacity: 2020M
 Pre-touch: Disabled
 Parallel Workers: 4
 Concurrent Workers: 1
 Concurrent Refinement Workers: 4
 Periodic GC: Disabled
Heap:
 garbage-first heap   total 89088K, used 63600K [0x0000000081c00000, 0x0000000100000000)
  region size 1024K, 39 young (39936K), 4 survivors (4096K)
 Metaspace       used 76800K, committed 77440K, reserved 1179648K
  class space    used 9798K, committed 10112K, reserved 1048576K
GC Heap History (20 events):
Event: 10.865 GC heap before
{Heap before GC invocations=24 (full 0):
 garbage-first heap   total 52224K, used 41149K [0x0000000081c00000, 0x0000000100000000)
  region size 1024K, 16 young (16384K), 3 survivors (3072K)
 Metaspace       used 71058K, committed 71552K, reserved 1114112K
  class space    used 9251K, committed 9536K, reserved 1048576K
}
Event: 10.870 GC heap after
{Heap after GC invocations=25 (full 0):
 garbage-first heap   total 52224K, used 28714K [0x0000000081c00000, 0x0000000100000000)
  region size 1024K, 2 young (2048K), 2 survivors (2048K)
 Metaspace       used 71058K, committed 71552K, reserved 1114112K
  class space    used 9251K, committed 9536K, reserved 1048576K
}
Event: 11.226 GC heap before
{Heap before GC invocations=26 (full 0):
 garbage-first heap   total 53248K, used 41002K [0x0000000081c00000, 0x0000000100000000)
  region size 1024K, 14 young (14336K), 2 survivors (2048K)
 Metaspace       used 71900K, committed 72384K, reserved 1114112K
  class space    used 9370K, committed 9600K, reserved 1048576K
}
Event: 11.230 GC heap after
{Heap after GC invocations=27 (full 0):
 garbage-first heap   total 53248K, used 29054K [0x0000000081c00000, 0x0000000100000000)
  region size 1024K, 2 young (2048K), 2 survivors (2048K)
 Metaspace       used 71900K, committed 72384K, reserved 1114112K
  class space    used 9370K, committed 9600K, reserved 1048576K
}
Event: 95.629 GC heap before
{Heap before GC invocations=27 (full 0):
 garbage-first heap   total 53248K, used 38270K [0x0000000081c00000, 0x0000000100000000)
  region size 1024K, 13 young (13312K), 2 survivors (2048K)
 Metaspace       used 74233K, committed 74816K, reserved 1114112K
  class space    used 9661K, committed 9920K, reserved 1048576K
}
Event: 95.675 GC heap after
{Heap after GC invocations=28 (full 1):
 garbage-first heap   total 53248K, used 24179K [0x0000000081c00000, 0x0000000100000000)
  region size 1024K, 0 young (0K), 0 survivors (0K)
 Metaspace       used 74233K, committed 74816K, reserved 1114112K
  class space    used 9661K, committed 9920K, reserved 1048576K
}
Event: 96.101 GC heap before
{Heap before GC invocations=28 (full 1):
 garbage-first heap   total 53248K, used 42611K [0x0000000081c00000, 0x0000000100000000)
  region size 1024K, 18 young (18432K), 0 survivors (0K)
 Metaspace       used 74376K, committed 74880K, reserved 1114112K
  class space    used 9667K, committed 9920K, reserved 1048576K
}
Event: 96.104 GC heap after
{Heap after GC invocations=29 (full 1):
 garbage-first heap   total 53248K, used 25910K [0x0000000081c00000, 0x0000000100000000)
  region size 1024K, 2 young (2048K), 2 survivors (2048K)
 Metaspace       used 74376K, committed 74880K, reserved 1114112K
  class space    used 9667K, committed 9920K, reserved 1048576K
}
Event: 96.535 GC heap before
{Heap before GC invocations=30 (full 1):
 garbage-first heap   total 53248K, used 41270K [0x0000000081c00000, 0x0000000100000000)
  region size 1024K, 18 young (18432K), 2 survivors (2048K)
 Metaspace       used 74740K, committed 75264K, reserved 1114112K
  class space    used 9689K, committed 9920K, reserved 1048576K
}
Event: 96.539 GC heap after
{Heap after GC invocations=31 (full 1):
 garbage-first heap   total 53248K, used 27040K [0x0000000081c00000, 0x0000000100000000)
  region size 1024K, 2 young (2048K), 2 survivors (2048K)
 Metaspace       used 74740K, committed 75264K, reserved 1114112K
  class space    used 9689K, committed 9920K, reserved 1048576K
}
Event: 96.543 GC heap before
{Heap before GC invocations=31 (full 1):
 garbage-first heap   total 53248K, used 28064K [0x0000000081c00000, 0x0000000100000000)
  region size 1024K, 3 young (3072K), 2 survivors (2048K)
 Metaspace       used 74741K, committed 75264K, reserved 1114112K
  class space    used 9689K, committed 9920K, reserved 1048576K
}
Event: 96.546 GC heap after
{Heap after GC invocations=32 (full 1):
 garbage-first heap   total 53248K, used 27303K [0x0000000081c00000, 0x0000000100000000)
  region size 1024K, 1 young (1024K), 1 survivors (1024K)
 Metaspace       used 74741K, committed 75264K, reserved 1114112K
  class space    used 9689K, committed 9920K, reserved 1048576K
}
Event: 96.913 GC heap before
{Heap before GC invocations=32 (full 1):
 garbage-first heap   total 53248K, used 41639K [0x0000000081c00000, 0x0000000100000000)
  region size 1024K, 15 young (15360K), 1 survivors (1024K)
 Metaspace       used 75082K, committed 75648K, reserved 1179648K
  class space    used 9702K, committed 9984K, reserved 1048576K
}
Event: 96.916 GC heap after
{Heap after GC invocations=33 (full 1):
 garbage-first heap   total 106496K, used 28328K [0x0000000081c00000, 0x0000000100000000)
  region size 1024K, 2 young (2048K), 2 survivors (2048K)
 Metaspace       used 75082K, committed 75648K, reserved 1179648K
  class space    used 9702K, committed 9984K, reserved 1048576K
}
Event: 100.718 GC heap before
{Heap before GC invocations=34 (full 1):
 garbage-first heap   total 106496K, used 80552K [0x0000000081c00000, 0x0000000100000000)
  region size 1024K, 53 young (54272K), 2 survivors (2048K)
 Metaspace       used 76005K, committed 76608K, reserved 1179648K
  class space    used 9763K, committed 10048K, reserved 1048576K
}
Event: 100.726 GC heap after
{Heap after GC invocations=35 (full 1):
 garbage-first heap   total 106496K, used 31985K [0x0000000081c00000, 0x0000000100000000)
  region size 1024K, 5 young (5120K), 5 survivors (5120K)
 Metaspace       used 76005K, committed 76608K, reserved 1179648K
  class space    used 9763K, committed 10048K, reserved 1048576K
}
Event: 197.929 GC heap before
{Heap before GC invocations=35 (full 1):
 garbage-first heap   total 106496K, used 73969K [0x0000000081c00000, 0x0000000100000000)
  region size 1024K, 47 young (48128K), 5 survivors (5120K)
 Metaspace       used 76280K, committed 76864K, reserved 1179648K
  class space    used 9767K, committed 10048K, reserved 1048576K
}
Event: 197.979 GC heap after
{Heap after GC invocations=36 (full 2):
 garbage-first heap   total 89088K, used 24955K [0x0000000081c00000, 0x0000000100000000)
  region size 1024K, 0 young (0K), 0 survivors (0K)
 Metaspace       used 76275K, committed 76864K, reserved 1179648K
  class space    used 9766K, committed 10048K, reserved 1048576K
}
Event: 198.871 GC heap before
{Heap before GC invocations=36 (full 2):
 garbage-first heap   total 89088K, used 66939K [0x0000000081c00000, 0x0000000100000000)
  region size 1024K, 41 young (41984K), 0 survivors (0K)
 Metaspace       used 76562K, committed 77120K, reserved 1179648K
  class space    used 9781K, committed 10048K, reserved 1048576K
}
Event: 198.876 GC heap after
{Heap after GC invocations=37 (full 2):
 garbage-first heap   total 89088K, used 28784K [0x0000000081c00000, 0x0000000100000000)
  region size 1024K, 4 young (4096K), 4 survivors (4096K)
 Metaspace       used 76562K, committed 77120K, reserved 1179648K
  class space    used 9781K, committed 10048K, reserved 1048576K
}

